<?xml version="1.0" encoding="UTF-8"?>
<testsuites name="jest tests" tests="9" failures="0" errors="0" time="10.024">
  <testsuite name="button" errors="0" failures="0" skipped="0" timestamp="2021-05-20T09:32:47" time="3.642" tests="1">
    <testcase classname="button 是个 div" name="button 是个 div" time="0.024">
    </testcase>
  </testsuite>
  <testsuite name="classes" errors="0" failures="0" skipped="0" timestamp="2021-05-20T09:32:47" time="3.919" tests="5">
    <testcase classname="classes 接受一个参数" name="classes 接受一个参数" time="0.006">
    </testcase>
    <testcase classname="classes 接受两个参数" name="classes 接受两个参数" time="0">
    </testcase>
    <testcase classname="classes 接受undefined" name="classes 接受undefined" time="0.001">
    </testcase>
    <testcase classname="classes 接受多个参数" name="classes 接受多个参数" time="0.005">
    </testcase>
    <testcase classname="classes 接受0参数" name="classes 接受0参数" time="0.001">
    </testcase>
  </testsuite>
  <testsuite name="icon" errors="0" failures="0" skipped="0" timestamp="2021-05-20T09:32:46" time="4.026" tests="2">
    <testcase classname="icon xxx" name="icon xxx" time="0.015">
    </testcase>
    <testcase classname="icon 可点击" name="icon 可点击" time="0.011">
    </testcase>
  </testsuite>
  <testsuite name="我的第一个测试用例" errors="0" failures="0" skipped="0" timestamp="2021-05-20T09:32:50" time="0.467" tests="1">
    <testcase classname="我的第一个测试用例 add(1,2) 等于3" name="我的第一个测试用例 add(1,2) 等于3" time="0.002">
    </testcase>
  </testsuite>
</testsuites>